PLINK v1.90b6.27 64-bit (10 Dec 2022)
Options in effect:
  --allow-extra-chr
  --double-id
  --extract miniproject.prune.in
  --make-bed
  --out acsminiproject
  --pca
  --set-missing-var-ids @:#
  --vcf /Users/David/brd_mini/acs_mini_filtered.vcf.bgz

Hostname: MacBook-Air.local
Working directory: /Users/David/brd_mini
Start time: Mon Dec 19 10:42:26 2022

Random number seed: 1671468146
16384 MB RAM detected; reserving 8192 MB for main workspace.
--vcf: acsminiproject-temporary.bed + acsminiproject-temporary.bim +
acsminiproject-temporary.fam written.
220962 variants loaded from .bim file.
46126 missing IDs set.
1966 people (0 males, 0 females, 1966 ambiguous) loaded from .fam.
Ambiguous sex IDs written to acsminiproject.nosex .
--extract: 79136 variants remaining.
Using up to 8 threads (change this with --threads).
Before main variant filters, 1966 founders and 0 nonfounders present.
Calculating allele frequencies... done.
Total genotyping rate is 0.993737.
79136 variants and 1966 people pass filters and QC.
Note: No phenotypes present.
Excluding 2170 variants on non-autosomes from relationship matrix calc.
Relationship matrix calculation complete.
--pca: Results saved to acsminiproject.eigenval and acsminiproject.eigenvec .
--make-bed to acsminiproject.bed + acsminiproject.bim + acsminiproject.fam ...
done.

End time: Mon Dec 19 10:42:38 2022
