PLINK v1.90b6.27 64-bit (10 Dec 2022)
Options in effect:
  --allow-extra-chr
  --double-id
  --indep-pairwise 50 10 0.1
  --out miniproject
  --set-missing-var-ids @:#
  --vcf /Users/David/brd_mini/acs_mini_filtered.vcf.bgz

Hostname: MacBook-Air.local
Working directory: /Users/David/brd_mini
Start time: Mon Dec 19 10:34:48 2022

Random number seed: 1671467688
16384 MB RAM detected; reserving 8192 MB for main workspace.
--vcf: miniproject-temporary.bed + miniproject-temporary.bim +
miniproject-temporary.fam written.
220962 variants loaded from .bim file.
46126 missing IDs set.
1966 people (0 males, 0 females, 1966 ambiguous) loaded from .fam.
Ambiguous sex IDs written to miniproject.nosex .
Using 1 thread (no multithreaded calculations invoked).
Before main variant filters, 1966 founders and 0 nonfounders present.
Calculating allele frequencies... done.
Warning: Nonmissing nonmale Y chromosome genotype(s) present; many commands
treat these as missing.
Total genotyping rate is 0.995159.
220962 variants and 1966 people pass filters and QC.
Note: No phenotypes present.
Pruned 14412 variants from chromosome 1, leaving 7843.
Pruned 9125 variants from chromosome 2, leaving 5112.
Pruned 8146 variants from chromosome 3, leaving 4291.
Pruned 5016 variants from chromosome 4, leaving 3263.
Pruned 5449 variants from chromosome 5, leaving 3421.
Pruned 8858 variants from chromosome 6, leaving 4350.
Pruned 7332 variants from chromosome 7, leaving 4060.
Pruned 4277 variants from chromosome 8, leaving 2984.
Pruned 5464 variants from chromosome 9, leaving 3286.
Pruned 5194 variants from chromosome 10, leaving 3404.
Pruned 8752 variants from chromosome 11, leaving 4361.
Pruned 7250 variants from chromosome 12, leaving 4175.
Pruned 2068 variants from chromosome 13, leaving 1545.
Pruned 5229 variants from chromosome 14, leaving 2761.
Pruned 4838 variants from chromosome 15, leaving 2838.
Pruned 6553 variants from chromosome 16, leaving 3262.
Pruned 8487 variants from chromosome 17, leaving 4256.
Pruned 1855 variants from chromosome 18, leaving 1481.
Pruned 11370 variants from chromosome 19, leaving 5302.
Pruned 3433 variants from chromosome 20, leaving 2063.
Pruned 1694 variants from chromosome 21, leaving 1040.
Pruned 3708 variants from chromosome 22, leaving 1868.
Pruned 3086 variants from chromosome 23, leaving 2089.
Pruned 53 variants from chromosome 24, leaving 0.
Pruned 177 variants from chromosome 26, leaving 81.
Pruning complete.  141826 of 220962 variants removed.
Marker lists written to miniproject.prune.in and miniproject.prune.out .

End time: Mon Dec 19 10:34:57 2022
